15-02-2023  21:45:56  2b6cd7ea-4fe4-4d04-bf65-715261917f02  Error: Not allowed by CORS
15-02-2023  21:45:56  4a910ef1-b448-4beb-aca2-585595bc5ed6  Error: Not allowed by CORS
15-02-2023  21:46:21  20b08a8a-eee5-4f21-9966-a4ddb884a7cb  Error: Not allowed by CORS
08-03-2023  16:27:06  911bffd8-9b23-4c9d-a69e-9e640647766b  TypeError: allowedHosts.includes is not a function
08-03-2023  16:27:53  5095e8d3-ab34-4d46-8236-5b66dd44f1e5  TypeError: allowedHosts.includes is not a function
08-03-2023  16:27:54  bac02fad-0615-496d-938e-31d88296cb80  TypeError: allowedHosts.includes is not a function
08-03-2023  16:38:44  be0d6b64-d5ee-49ff-95e5-79ec0af54f7b  Error: ENOENT: no such file or directory, stat 'E:\projectsjs\training-helper\dist\views\index.html'
08-03-2023  16:39:26  e2de1c6a-2ffc-4f5b-ae59-98ed93181460  Error: ENOENT: no such file or directory, stat 'E:\projectsjs\training-helper\dist\views\index.html'
08-03-2023  16:41:11  2fd08ca4-21c5-47c3-95e9-4392a896c17d  Error: ENOENT: no such file or directory, stat 'E:\projectsjs\training-helper\dist\views\index.html'
12-03-2023  10:01:55  00e13099-d157-40de-8f12-ab5ba573e61c  TypeError: allowedHosts.includes is not a function
12-03-2023  10:01:55  67354898-811f-4405-805d-670adc0a791e  TypeError: allowedHosts.includes is not a function
12-03-2023  10:01:58  8e78240c-4db1-47cf-89df-b7968407577d  TypeError: allowedHosts.includes is not a function
12-03-2023  10:01:58  1771bfb1-5927-438e-84bb-1484dab3e331  TypeError: allowedHosts.includes is not a function
12-03-2023  10:44:28  cb645607-e410-4c8c-9b45-61dd12097ea3  Error: Not allowed by CORS
12-03-2023  14:23:23  c0a9d704-6cb6-4503-ac93-2388b85cffab  Error: Not allowed by CORS
17-03-2023  20:42:27  26a0f478-1c69-47f6-a2dc-1b3d00c0d3e4  Error: Not allowed by CORS
17-03-2023  20:42:27  889a702d-d6cb-4313-b18b-a98e0d96528a  Error: Not allowed by CORS
17-03-2023  20:44:34  25e2cf4d-47ef-447e-ac8e-53e078edba0c  Error: Not allowed by CORS
17-03-2023  20:44:34  757d9fd0-42b8-46cd-93a3-7f06d7851719  Error: Not allowed by CORS
17-03-2023  20:45:09  8f57879a-521e-443c-94f8-e9dc2947641d  Error: Not allowed by CORS
17-03-2023  20:45:09  5828c506-6a5b-497f-b1b2-63877c9748be  Error: Not allowed by CORS
17-03-2023  20:46:55  cac7d978-bd04-4cb8-9984-2ed6508ab617  Error: Not allowed by CORS
17-03-2023  20:46:56  c0328b60-04dc-4acc-97b2-cdb59cdbf25b  Error: Not allowed by CORS
17-03-2023  20:50:16  107005ca-a882-4296-81a5-0b176ec99929  Error: Not allowed by CORS
17-03-2023  20:50:16  3925d33e-19ae-4f67-8a4d-9e2511e2b305  Error: Not allowed by CORS
20-03-2023  10:33:52  9f0cbf16-4e93-435a-b4dc-e732e8293841  Error: ENOENT: no such file or directory, stat 'E:\projectsjs\training-helper\dist\views\index.html'
20-03-2023  10:35:06  0c64e20f-142b-483b-b3d3-a6c0648b0ff3  Error: ENOENT: no such file or directory, stat 'E:\projectsjs\training-helper\dist\public\views\index.html'
20-03-2023  21:12:59  4e57c3a0-a679-4b4a-9f67-ffb16b6a1eb2  Error: Not allowed by CORS
22-03-2023  13:59:12  6fbcbaa7-50a6-4f2e-8a71-56c8a117fb39  TypeError: Cannot read properties of undefined (reading 'split')
26-03-2023  15:45:35  2ca5dc06-c0df-4c1e-8f74-c727703a34e6  Username and password are required
26-03-2023  15:48:42  e7522ac4-9cf9-4dc5-9ee0-bb925760a9e1  Username and password are required
26-03-2023  15:58:00  f574fbce-7611-483f-8505-e6da898691f8  Username and password are required
26-03-2023  15:58:38  1d439300-b929-42aa-99e0-611d98b72fb0  Username and password are required
26-03-2023  16:00:06  53cc05d4-8dfc-4bac-861f-c4bcdad47a73  User already exists!
26-03-2023  16:06:07  a041bd38-3b73-4605-842c-0b5bad8e74fe  Forbidden
26-03-2023  16:07:25  40320873-5a9d-4021-b43e-54f4d2b5ec7b  Forbidden
26-03-2023  16:08:34  e9889c40-c824-4c3c-a0b7-0d6e690ec1cb  Forbidden
26-03-2023  16:13:06  b50aa41c-b99a-41eb-a9fc-1b14d8985fda  Forbidden
26-03-2023  16:15:57  4f9ef97e-2ecd-4f57-b1b5-5118858fb733  Forbidden
26-03-2023  16:17:14  4752efea-e47f-4d53-a612-31838afd7ebd  Forbidden
26-03-2023  16:17:56  5fefedfe-7e5e-48c9-bf9c-794e361d3fac  Unauthorized
26-03-2023  16:19:06  5ac1c50b-0ded-43c1-9c6e-8295e78ce65c  Unauthorized
26-03-2023  16:19:31  b59a5900-2a46-4f6a-98af-b69aa9d40a3a  Unauthorized
26-03-2023  16:20:07  8cd479f2-fc66-47a9-935c-1675d931758b  Unauthorized
26-03-2023  16:22:56  f5af7dc8-cfd1-459d-a995-580e49116106  Unauthorized
26-03-2023  16:24:30  bf5c45d5-e698-47cc-8909-e1b1570ad7ab  Unauthorized
26-03-2023  16:25:16  d693f4ff-ccd4-4add-8d18-dd7d4d9d796b  Unauthorized
26-03-2023  16:25:52  f04eed0d-1eed-4209-824c-635741fc941e  Unauthorized
26-03-2023  16:27:19  c5c18802-7e60-4728-b44f-9bb897a64465  Unauthorized
26-03-2023  16:33:15  36a81ef7-2ca9-4c5c-b3c7-d583e5a193d2  Username and password are required
26-03-2023  16:33:23  7afd0251-8f71-41ad-a58f-f78c657fe902  Unauthorized
26-03-2023  16:37:26  4e1dfa54-e53e-432b-b30f-8993565ab4c7  Username and password are required
26-03-2023  16:40:13  e347db3a-ec9c-4ea1-ab37-ca0eeed29f7a  User already exists!
26-03-2023  16:42:23  0d251b6f-6baf-4a92-b2f7-7ba6ff227d19  User already exists!
26-03-2023  16:43:22  32fe6e4c-0513-48f8-acdc-ce0798196576  User already exists!
26-03-2023  18:22:25  792f18f8-79e6-442f-be00-833104b0d83c  User already exists!
26-03-2023  18:22:38  16f18efc-f73a-4dc6-b340-051192a1bb35  ERRORRR
26-03-2023  18:25:38  97c7a90a-cb42-426b-bf07-222420a04f5e  ERRORRR
26-03-2023  18:28:13  0784098d-2c78-4c11-b8af-4545ef6e4e6e  ERRORRR
26-03-2023  18:29:47  a5102e6a-13b7-48f1-be45-8dd5bc9a1895  [object Object], [object Object]
26-03-2023  18:34:38  158608a8-7f29-4fa5-909b-f8a52c4538a7  [object Object], [object Object]
26-03-2023  18:36:01  c36772bb-ef75-4486-b72c-3efc2e4ea704  [object Object], [object Object]
26-03-2023  18:37:39  f0a1fd4d-f328-4a73-8f12-9049642eb702  [object Object], [object Object]
26-03-2023  18:44:09  ad07c899-dccf-46cf-b09c-b50dc147dc3a  [object Object], [object Object]
26-03-2023  18:51:46  ada301b6-4ffd-4b73-bb59-2b706ec31941  ERRORRR
26-03-2023  18:59:06  a15a2b3c-a545-4822-9aa3-62c094785e77  ERRORRR
26-03-2023  19:00:17  02ac721f-70f3-4aa3-8333-2aaf300cd6b0  user must be a string, password must be longer than or equal to 4 characters
