::1 - - [15/Mar/2023:14:17:34 +0000] "GET / HTTP/1.1" 304 - "-" "Mozilla/5.0 (Windows NT 10.0; Win64; x64) AppleWebKit/537.36 (KHTML, like Gecko) Chrome/111.0.0.0 Safari/537.36"

::1 - - [15/Mar/2023:14:17:34 +0000] "GET /css/main.css HTTP/1.1" 304 - "http://localhost:3500/" "Mozilla/5.0 (Windows NT 10.0; Win64; x64) AppleWebKit/537.36 (KHTML, like Gecko) Chrome/111.0.0.0 Safari/537.36"

::1 - - [15/Mar/2023:14:17:39 +0000] "GET /api-docs/ HTTP/1.1" 304 - "-" "Mozilla/5.0 (Windows NT 10.0; Win64; x64) AppleWebKit/537.36 (KHTML, like Gecko) Chrome/111.0.0.0 Safari/537.36"

::1 - - [15/Mar/2023:14:17:39 +0000] "GET /api-docs/swagger-ui.css HTTP/1.1" 304 - "http://localhost:3500/api-docs/" "Mozilla/5.0 (Windows NT 10.0; Win64; x64) AppleWebKit/537.36 (KHTML, like Gecko) Chrome/111.0.0.0 Safari/537.36"

::1 - - [15/Mar/2023:14:17:39 +0000] "GET /api-docs/swagger-ui-bundle.js HTTP/1.1" 304 - "http://localhost:3500/api-docs/" "Mozilla/5.0 (Windows NT 10.0; Win64; x64) AppleWebKit/537.36 (KHTML, like Gecko) Chrome/111.0.0.0 Safari/537.36"

::1 - - [15/Mar/2023:14:17:39 +0000] "GET /api-docs/swagger-ui-standalone-preset.js HTTP/1.1" 304 - "http://localhost:3500/api-docs/" "Mozilla/5.0 (Windows NT 10.0; Win64; x64) AppleWebKit/537.36 (KHTML, like Gecko) Chrome/111.0.0.0 Safari/537.36"

::1 - - [15/Mar/2023:14:17:39 +0000] "GET /api-docs/swagger-ui-init.js HTTP/1.1" 304 - "http://localhost:3500/api-docs/" "Mozilla/5.0 (Windows NT 10.0; Win64; x64) AppleWebKit/537.36 (KHTML, like Gecko) Chrome/111.0.0.0 Safari/537.36"

::1 - - [15/Mar/2023:14:17:39 +0000] "GET /api-docs/swagger-ui.css.map HTTP/1.1" 304 - "-" "Mozilla/5.0 (Windows NT 10.0; Win64; x64) AppleWebKit/537.36 (KHTML, like Gecko) Chrome/111.0.0.0 Safari/537.36"

::1 - - [15/Mar/2023:14:17:39 +0000] "GET /api-docs/swagger-ui-bundle.js.map HTTP/1.1" 304 - "-" "Mozilla/5.0 (Windows NT 10.0; Win64; x64) AppleWebKit/537.36 (KHTML, like Gecko) Chrome/111.0.0.0 Safari/537.36"

::1 - - [15/Mar/2023:14:17:39 +0000] "GET /api-docs/swagger-ui-standalone-preset.js.map HTTP/1.1" 304 - "-" "Mozilla/5.0 (Windows NT 10.0; Win64; x64) AppleWebKit/537.36 (KHTML, like Gecko) Chrome/111.0.0.0 Safari/537.36"

::1 - - [17/Mar/2023:06:58:26 +0000] "GET / HTTP/1.1" 304 - "-" "Mozilla/5.0 (Windows NT 10.0; Win64; x64) AppleWebKit/537.36 (KHTML, like Gecko) Chrome/111.0.0.0 Safari/537.36"

::1 - - [17/Mar/2023:06:58:26 +0000] "GET /css/main.css HTTP/1.1" 304 - "http://localhost:3500/" "Mozilla/5.0 (Windows NT 10.0; Win64; x64) AppleWebKit/537.36 (KHTML, like Gecko) Chrome/111.0.0.0 Safari/537.36"

::1 - - [17/Mar/2023:06:58:27 +0000] "GET /favicon.ico HTTP/1.1" 404 3 "http://localhost:3500/" "Mozilla/5.0 (Windows NT 10.0; Win64; x64) AppleWebKit/537.36 (KHTML, like Gecko) Chrome/111.0.0.0 Safari/537.36"

::1 - - [17/Mar/2023:06:58:32 +0000] "GET /api-docs/ HTTP/1.1" 304 - "-" "Mozilla/5.0 (Windows NT 10.0; Win64; x64) AppleWebKit/537.36 (KHTML, like Gecko) Chrome/111.0.0.0 Safari/537.36"

::1 - - [17/Mar/2023:06:58:32 +0000] "GET /api-docs/swagger-ui-init.js HTTP/1.1" 304 - "http://localhost:3500/api-docs/" "Mozilla/5.0 (Windows NT 10.0; Win64; x64) AppleWebKit/537.36 (KHTML, like Gecko) Chrome/111.0.0.0 Safari/537.36"

::1 - - [17/Mar/2023:06:58:32 +0000] "GET /api-docs/swagger-ui.css HTTP/1.1" 304 - "http://localhost:3500/api-docs/" "Mozilla/5.0 (Windows NT 10.0; Win64; x64) AppleWebKit/537.36 (KHTML, like Gecko) Chrome/111.0.0.0 Safari/537.36"

::1 - - [17/Mar/2023:06:58:32 +0000] "GET /api-docs/swagger-ui-bundle.js HTTP/1.1" 304 - "http://localhost:3500/api-docs/" "Mozilla/5.0 (Windows NT 10.0; Win64; x64) AppleWebKit/537.36 (KHTML, like Gecko) Chrome/111.0.0.0 Safari/537.36"

::1 - - [17/Mar/2023:06:58:32 +0000] "GET /api-docs/swagger-ui-standalone-preset.js HTTP/1.1" 304 - "http://localhost:3500/api-docs/" "Mozilla/5.0 (Windows NT 10.0; Win64; x64) AppleWebKit/537.36 (KHTML, like Gecko) Chrome/111.0.0.0 Safari/537.36"

::1 - - [17/Mar/2023:07:03:42 +0000] "POST /auth HTTP/1.1" 200 170 "http://localhost:3500/api-docs/" "Mozilla/5.0 (Windows NT 10.0; Win64; x64) AppleWebKit/537.36 (KHTML, like Gecko) Chrome/111.0.0.0 Safari/537.36"

::1 - - [17/Mar/2023:07:06:52 +0000] "GET / HTTP/1.1" 304 - "-" "Mozilla/5.0 (Windows NT 10.0; Win64; x64) AppleWebKit/537.36 (KHTML, like Gecko) Chrome/111.0.0.0 Safari/537.36"

::1 - - [17/Mar/2023:07:06:52 +0000] "GET /css/main.css HTTP/1.1" 304 - "http://localhost:3500/" "Mozilla/5.0 (Windows NT 10.0; Win64; x64) AppleWebKit/537.36 (KHTML, like Gecko) Chrome/111.0.0.0 Safari/537.36"

::1 - - [17/Mar/2023:07:09:42 +0000] "GET /api-docs/ HTTP/1.1" 304 - "-" "Mozilla/5.0 (Windows NT 10.0; Win64; x64) AppleWebKit/537.36 (KHTML, like Gecko) Chrome/111.0.0.0 Safari/537.36"

::1 - - [17/Mar/2023:07:09:42 +0000] "GET /api-docs/swagger-ui.css HTTP/1.1" 304 - "http://localhost:3500/api-docs/" "Mozilla/5.0 (Windows NT 10.0; Win64; x64) AppleWebKit/537.36 (KHTML, like Gecko) Chrome/111.0.0.0 Safari/537.36"

::1 - - [17/Mar/2023:07:09:42 +0000] "GET /api-docs/swagger-ui-bundle.js HTTP/1.1" 304 - "http://localhost:3500/api-docs/" "Mozilla/5.0 (Windows NT 10.0; Win64; x64) AppleWebKit/537.36 (KHTML, like Gecko) Chrome/111.0.0.0 Safari/537.36"

::1 - - [17/Mar/2023:07:09:42 +0000] "GET /api-docs/swagger-ui-standalone-preset.js HTTP/1.1" 304 - "http://localhost:3500/api-docs/" "Mozilla/5.0 (Windows NT 10.0; Win64; x64) AppleWebKit/537.36 (KHTML, like Gecko) Chrome/111.0.0.0 Safari/537.36"

::1 - - [17/Mar/2023:07:09:42 +0000] "GET /api-docs/swagger-ui-init.js HTTP/1.1" 304 - "http://localhost:3500/api-docs/" "Mozilla/5.0 (Windows NT 10.0; Win64; x64) AppleWebKit/537.36 (KHTML, like Gecko) Chrome/111.0.0.0 Safari/537.36"

::1 - - [17/Mar/2023:07:17:16 +0000] "GET / HTTP/1.1" 304 - "-" "Mozilla/5.0 (Windows NT 10.0; Win64; x64) AppleWebKit/537.36 (KHTML, like Gecko) Chrome/111.0.0.0 Safari/537.36"

::1 - - [17/Mar/2023:07:17:16 +0000] "GET /css/main.css HTTP/1.1" 304 - "http://localhost:3500/" "Mozilla/5.0 (Windows NT 10.0; Win64; x64) AppleWebKit/537.36 (KHTML, like Gecko) Chrome/111.0.0.0 Safari/537.36"

::1 - - [17/Mar/2023:07:17:16 +0000] "GET /favicon.ico HTTP/1.1" 404 3 "http://localhost:3500/" "Mozilla/5.0 (Windows NT 10.0; Win64; x64) AppleWebKit/537.36 (KHTML, like Gecko) Chrome/111.0.0.0 Safari/537.36"

::1 - - [17/Mar/2023:07:17:55 +0000] "GET / HTTP/1.1" 304 - "-" "Mozilla/5.0 (Windows NT 10.0; Win64; x64) AppleWebKit/537.36 (KHTML, like Gecko) Chrome/111.0.0.0 Safari/537.36"

::1 - - [17/Mar/2023:07:17:55 +0000] "GET /css/main.css HTTP/1.1" 304 - "http://localhost:3500/" "Mozilla/5.0 (Windows NT 10.0; Win64; x64) AppleWebKit/537.36 (KHTML, like Gecko) Chrome/111.0.0.0 Safari/537.36"

2023-03-17T09:27:59+02:00 GET /api-docs/ 304 8.307 ms Mozilla/5.0 (Windows NT 10.0; Win64; x64) AppleWebKit/537.36 (KHTML, like Gecko) Chrome/111.0.0.0 Safari/537.36 


2023-03-17T09:27:59+02:00 GET /api-docs/swagger-ui.css 304 7.332 ms Mozilla/5.0 (Windows NT 10.0; Win64; x64) AppleWebKit/537.36 (KHTML, like Gecko) Chrome/111.0.0.0 Safari/537.36 


2023-03-17T09:27:59+02:00 GET /api-docs/swagger-ui-init.js 304 5.876 ms Mozilla/5.0 (Windows NT 10.0; Win64; x64) AppleWebKit/537.36 (KHTML, like Gecko) Chrome/111.0.0.0 Safari/537.36 


2023-03-17T09:27:59+02:00 GET /api-docs/swagger-ui-bundle.js 304 11.419 ms Mozilla/5.0 (Windows NT 10.0; Win64; x64) AppleWebKit/537.36 (KHTML, like Gecko) Chrome/111.0.0.0 Safari/537.36 


2023-03-17T09:27:59+02:00 GET /api-docs/swagger-ui-standalone-preset.js 304 11.824 ms Mozilla/5.0 (Windows NT 10.0; Win64; x64) AppleWebKit/537.36 (KHTML, like Gecko) Chrome/111.0.0.0 Safari/537.36 


2023-03-17T11:00:33+02:00 POST /register 400 35.564 ms  


2023-03-17T11:02:24+02:00 POST /register 201 990.195 ms  


2023-03-17T11:03:27+02:00 POST /register 409 899.135 ms  


2023-03-17T11:06:04+02:00 POST /register 409 921.125 ms  


2023-03-17T11:11:50+02:00 GET /api-docs/ 304 8.382 ms Mozilla/5.0 (Windows NT 10.0; Win64; x64) AppleWebKit/537.36 (KHTML, like Gecko) Chrome/111.0.0.0 Safari/537.36 


2023-03-17T11:11:50+02:00 GET /api-docs/swagger-ui.css 304 5.441 ms Mozilla/5.0 (Windows NT 10.0; Win64; x64) AppleWebKit/537.36 (KHTML, like Gecko) Chrome/111.0.0.0 Safari/537.36 


2023-03-17T11:11:50+02:00 GET /api-docs/swagger-ui-init.js 304 5.474 ms Mozilla/5.0 (Windows NT 10.0; Win64; x64) AppleWebKit/537.36 (KHTML, like Gecko) Chrome/111.0.0.0 Safari/537.36 


2023-03-17T11:11:50+02:00 GET /api-docs/swagger-ui-bundle.js 304 7.874 ms Mozilla/5.0 (Windows NT 10.0; Win64; x64) AppleWebKit/537.36 (KHTML, like Gecko) Chrome/111.0.0.0 Safari/537.36 


2023-03-17T11:11:50+02:00 GET /api-docs/swagger-ui-standalone-preset.js 304 3.983 ms Mozilla/5.0 (Windows NT 10.0; Win64; x64) AppleWebKit/537.36 (KHTML, like Gecko) Chrome/111.0.0.0 Safari/537.36 


2023-03-17T11:11:51+02:00 GET /api-docs/favicon-32x32.png 304 0.912 ms Mozilla/5.0 (Windows NT 10.0; Win64; x64) AppleWebKit/537.36 (KHTML, like Gecko) Chrome/111.0.0.0 Safari/537.36 


2023-03-17T11:12:02+02:00 POST /auth 200 214.064 ms Mozilla/5.0 (Windows NT 10.0; Win64; x64) AppleWebKit/537.36 (KHTML, like Gecko) Chrome/111.0.0.0 Safari/537.36 


2023-03-17T11:12:56+02:00 POST /auth 200 161.764 ms PostmanRuntime/7.29.2 


2023-03-17T11:13:25+02:00 POST /auth 200 248.473 ms PostmanRuntime/7.29.2 


2023-03-17T11:15:34+02:00 POST /auth 200 1130.870 ms  


2023-03-17T11:34:52+02:00 POST /register 201 989.358 ms  


2023-03-17T11:34:52+02:00 POST /auth 200 174.199 ms  


2023-03-17T11:36:14+02:00 POST /auth 401 39.391 ms PostmanRuntime/7.29.2 


2023-03-17T11:36:25+02:00 POST /register 201 183.462 ms PostmanRuntime/7.29.2 


2023-03-17T11:39:04+02:00 POST /register 201 989.335 ms  


2023-03-17T11:39:05+02:00 POST /auth 200 171.392 ms  


2023-03-17T11:39:56+02:00 POST /register 201 971.599 ms  


2023-03-17T11:39:57+02:00 POST /auth 200 170.019 ms  


2023-03-17T11:44:32+02:00 POST /register 201 1080.298 ms  


2023-03-17T11:44:32+02:00 POST /auth 200 172.811 ms  


2023-03-17T11:45:24+02:00 POST /register 201 975.618 ms  


2023-03-17T11:45:24+02:00 POST /auth 200 189.816 ms  


2023-03-17T12:12:53+02:00 POST /register 201 980.302 ms  


2023-03-17T12:12:53+02:00 POST /auth 200 175.240 ms  


2023-03-17T12:14:00+02:00 POST /register 201 1357.150 ms  


2023-03-17T12:14:00+02:00 POST /auth 200 199.826 ms  


2023-03-17T12:15:20+02:00 POST /register 201 1084.046 ms  


2023-03-17T12:15:20+02:00 POST /auth 200 185.222 ms  


2023-03-17T12:28:06+02:00 POST /auth 200 211.743 ms PostmanRuntime/7.29.2 


2023-03-17T12:28:10+02:00 GET /refresh 200 47.110 ms PostmanRuntime/7.29.2 


2023-03-17T12:29:21+02:00 POST /register 201 1062.403 ms  


2023-03-17T12:29:22+02:00 POST /auth 200 199.762 ms  


2023-03-17T12:29:22+02:00 GET /refresh 403 53.761 ms  


2023-03-17T12:39:32+02:00 POST /register 201 1094.394 ms  


2023-03-17T12:39:32+02:00 POST /auth 200 194.721 ms  


2023-03-17T12:39:32+02:00 POST /auth 200 175.894 ms  


2023-03-17T12:39:32+02:00 GET /refresh 403 62.656 ms  


2023-03-17T12:40:57+02:00 POST /register 201 1046.657 ms  


2023-03-17T12:40:57+02:00 POST /auth 200 198.207 ms  


2023-03-17T12:40:57+02:00 POST /auth 200 173.320 ms  


2023-03-17T12:40:57+02:00 GET /refresh 403 51.916 ms  


2023-03-17T12:42:16+02:00 POST /register 201 1080.356 ms  


2023-03-17T12:42:16+02:00 POST /auth 200 189.934 ms  


2023-03-17T12:42:17+02:00 POST /auth 200 182.562 ms  


2023-03-17T12:42:17+02:00 GET /refresh 403 53.623 ms  


2023-03-17T12:44:43+02:00 POST /register 201 1077.129 ms  


2023-03-17T12:44:43+02:00 POST /auth 200 224.336 ms  


2023-03-17T12:44:43+02:00 POST /auth 200 180.142 ms  


2023-03-17T12:44:43+02:00 GET /refresh 403 53.553 ms  


2023-03-17T12:46:26+02:00 POST /auth 200 209.591 ms PostmanRuntime/7.29.2 


2023-03-17T12:55:21+02:00 POST /register 201 1085.547 ms  


2023-03-17T12:55:21+02:00 POST /auth 200 192.453 ms  


2023-03-17T12:55:21+02:00 POST /auth 200 173.653 ms  


2023-03-17T12:55:21+02:00 GET /refresh 200 66.078 ms  


2023-03-17T12:56:08+02:00 POST /register 201 1062.209 ms  


2023-03-17T12:56:08+02:00 POST /auth 200 187.124 ms  


2023-03-17T12:56:09+02:00 POST /auth 200 181.094 ms  


2023-03-17T12:56:09+02:00 GET /refresh 200 62.040 ms  


2023-03-17T12:57:16+02:00 POST /auth 200 177.840 ms PostmanRuntime/7.29.2 


2023-03-17T12:57:20+02:00 GET /logout 204 95.392 ms PostmanRuntime/7.29.2 


